#
# A fatal error has been detected by the Java Runtime Environment:
#
#  Internal Error (virtualspace.cpp:125), pid=32592, tid=2204
#  fatal error: os::release_memory failed
#
# JRE version:  (7.0_65-b19) (build )
# Java VM: Java HotSpot(TM) Client VM (24.65-b04 mixed mode windows-x86 )
# Failed to write core dump. Minidumps are not enabled by default on client versions of Windows
#
# If you would like to submit a bug report, please visit:
#   http://bugreport.sun.com/bugreport/crash.jsp
#

---------------  T H R E A D  ---------------

Current thread (0x00d9b400):  JavaThread "Unknown thread" [_thread_in_vm, id=2204, stack(0x02a30000,0x02a80000)]

Stack: [0x02a30000,0x02a80000],  sp=0x02a7f29c,  free space=316k
Native frames: (J=compiled Java code, j=interpreted, Vv=VM code, C=native code)
V  [jvm.dll+0x190494]
V  [jvm.dll+0x18a116]
V  [jvm.dll+0x1661dc]
V  [jvm.dll+0x1666cb]
V  [jvm.dll+0x8a316]
V  [jvm.dll+0x87da6]
V  [jvm.dll+0x86a8e]
V  [jvm.dll+0x90f03]
V  [jvm.dll+0x13f9f4]
V  [jvm.dll+0x1626fc]
V  [jvm.dll+0xc9d6f]
C  [java.exe+0x13c1]
C  [java.exe+0x1e33]
C  [java.exe+0xa601]
C  [java.exe+0xa68b]
C  [KERNEL32.DLL+0x1919f]
C  [ntdll.dll+0x4a8cb]
C  [ntdll.dll+0x4a8a1]


---------------  P R O C E S S  ---------------

Java Threads: ( => current thread )

Other Threads:

=>0x00d9b400 (exited) JavaThread "Unknown thread" [_thread_in_vm, id=2204, stack(0x02a30000,0x02a80000)]

VM state:not at safepoint (not fully initialized)

VM Mutex/Monitor currently owned by a thread: None

GC Heap History (0 events):
No events

Deoptimization events (0 events):
No events

Internal exceptions (0 events):
No events

Events (0 events):
No events


Dynamic libraries:
0x00890000 - 0x008bf000 	C:\Program Files (x86)\Java\jre7\bin\java.exe
0x77a30000 - 0x77b98000 	C:\WINDOWS\SYSTEM32\ntdll.dll
0x77510000 - 0x77650000 	C:\WINDOWS\SYSTEM32\KERNEL32.DLL
0x776a0000 - 0x7776f000 	C:\WINDOWS\SYSTEM32\KERNELBASE.dll
0x73ab0000 - 0x73b49000 	C:\WINDOWS\system32\apphelp.dll
0x73640000 - 0x73899000 	C:\WINDOWS\AppPatch\AcGenral.DLL
0x759b0000 - 0x75a6e000 	C:\WINDOWS\SYSTEM32\msvcrt.dll
0x75ef0000 - 0x75f2e000 	C:\WINDOWS\SYSTEM32\sechost.dll
0x75450000 - 0x7546d000 	C:\WINDOWS\SYSTEM32\SspiCli.dll
0x774c0000 - 0x77501000 	C:\WINDOWS\SYSTEM32\SHLWAPI.dll
0x74190000 - 0x7426b000 	C:\WINDOWS\SYSTEM32\UxTheme.dll
0x77770000 - 0x778bf000 	C:\WINDOWS\SYSTEM32\USER32.dll
0x75470000 - 0x75577000 	C:\WINDOWS\SYSTEM32\GDI32.dll
0x73bc0000 - 0x73be0000 	C:\WINDOWS\SYSTEM32\WINMM.dll
0x73b80000 - 0x73b92000 	C:\WINDOWS\SYSTEM32\samcli.dll
0x77260000 - 0x7736c000 	C:\WINDOWS\SYSTEM32\ole32.dll
0x75d60000 - 0x75de7000 	C:\WINDOWS\SYSTEM32\OLEAUT32.dll
0x73620000 - 0x73635000 	C:\WINDOWS\SYSTEM32\MSACM32.dll
0x753d0000 - 0x753d8000 	C:\WINDOWS\SYSTEM32\VERSION.dll
0x75f30000 - 0x770f1000 	C:\WINDOWS\SYSTEM32\SHELL32.dll
0x75110000 - 0x75129000 	C:\WINDOWS\SYSTEM32\USERENV.dll
0x73600000 - 0x73618000 	C:\WINDOWS\SYSTEM32\dwmapi.dll
0x734e0000 - 0x73600000 	C:\WINDOWS\SYSTEM32\urlmon.dll
0x75a70000 - 0x75ae8000 	C:\WINDOWS\SYSTEM32\ADVAPI32.dll
0x75370000 - 0x753ce000 	C:\WINDOWS\SYSTEM32\WINSPOOL.DRV
0x73a90000 - 0x73aa4000 	C:\WINDOWS\SYSTEM32\MPR.dll
0x75900000 - 0x759b0000 	C:\WINDOWS\SYSTEM32\RPCRT4.dll
0x75440000 - 0x75449000 	C:\WINDOWS\SYSTEM32\CRYPTBASE.dll
0x75580000 - 0x756ce000 	C:\WINDOWS\SYSTEM32\combase.dll
0x73ba0000 - 0x73bc0000 	C:\WINDOWS\SYSTEM32\WINMMBASE.dll
0x74ff0000 - 0x74ffe000 	C:\WINDOWS\SYSTEM32\profapi.dll
0x73d80000 - 0x73f99000 	C:\WINDOWS\SYSTEM32\iertutil.dll
0x73fd0000 - 0x7418d000 	C:\WINDOWS\SYSTEM32\WININET.dll
0x753e0000 - 0x75432000 	C:\WINDOWS\SYSTEM32\bcryptPrimitives.dll
0x75d20000 - 0x75d5a000 	C:\WINDOWS\SYSTEM32\cfgmgr32.dll
0x75320000 - 0x7533f000 	C:\WINDOWS\SYSTEM32\DEVOBJ.dll
0x74f60000 - 0x74fd6000 	C:\WINDOWS\SYSTEM32\SHCORE.DLL
0x77370000 - 0x77395000 	C:\WINDOWS\system32\IMM32.DLL
0x773c0000 - 0x774b7000 	C:\WINDOWS\SYSTEM32\MSCTF.dll
0x75340000 - 0x75369000 	C:\WINDOWS\SYSTEM32\nvinit.dll
0x0f000000 - 0x0f006000 	C:\Program Files (x86)\NVIDIA Corporation\CoProcManager\detoured.dll
0x74270000 - 0x742c3000 	C:\Program Files (x86)\NVIDIA Corporation\CoProcManager\nvd3d9wrap.dll
0x75af0000 - 0x75c9d000 	C:\WINDOWS\SYSTEM32\SETUPAPI.dll
0x74340000 - 0x7437b000 	C:\Program Files (x86)\NVIDIA Corporation\CoProcManager\nvdxgiwrap.dll
0x746b0000 - 0x74896000 	C:\WINDOWS\WinSxS\x86_microsoft.windows.common-controls_6595b64144ccf1df_6.0.9600.17031_none_a9efdb8b01377ea7\COMCTL32.dll
0x6b730000 - 0x6b7ef000 	C:\Program Files (x86)\Java\jre7\bin\msvcr100.dll
0x6b3a0000 - 0x6b728000 	C:\Program Files (x86)\Java\jre7\bin\client\jvm.dll
0x73be0000 - 0x73be8000 	C:\WINDOWS\SYSTEM32\WSOCK32.dll
0x77900000 - 0x77906000 	C:\WINDOWS\SYSTEM32\PSAPI.DLL
0x77910000 - 0x7795d000 	C:\WINDOWS\SYSTEM32\WS2_32.dll
0x756d0000 - 0x756d7000 	C:\WINDOWS\SYSTEM32\NSI.dll
0x6c4a0000 - 0x6c4ac000 	C:\Program Files (x86)\Java\jre7\bin\verify.dll
0x6c480000 - 0x6c4a0000 	C:\Program Files (x86)\Java\jre7\bin\java.dll
0x6b380000 - 0x6b393000 	C:\Program Files (x86)\Java\jre7\bin\zip.dll
0x74960000 - 0x74aa8000 	C:\WINDOWS\SYSTEM32\dbghelp.dll

VM Arguments:
java_command: <unknown>
Launcher Type: SUN_STANDARD

Environment Variables:
PATH=C:\Program Files\Java\jdk1.7.0_15\bin
USERNAME=mohamed
OS=Windows_NT
PROCESSOR_IDENTIFIER=Intel64 Family 6 Model 42 Stepping 7, GenuineIntel



---------------  S Y S T E M  ---------------

OS: Windows 8.1 , 64 bit Build 9600 

CPU:total 8 (4 cores per cpu, 2 threads per core) family 6 model 42 stepping 7, cmov, cx8, fxsr, mmx, sse, sse2, sse3, ssse3, sse4.1, sse4.2, popcnt, avx, aes, ht, tsc, tscinvbit

Memory: 4k page, physical 8293548k(1785700k free), swap 10453084k(8828k free)

vm_info: Java HotSpot(TM) Client VM (24.65-b04) for windows-x86 JRE (1.7.0_65-b19), built on Jul  9 2014 18:04:11 by "java_re" with unknown MS VC++:1600

time: Sat Oct 03 15:13:31 2015
elapsed time: 0 seconds

